0 info it worked if it ends with ok
1 verbose cli [ 'C:\\Program Files\\nodejs\\node.exe',
1 verbose cli   'C:\\Users\\Phil\\AppData\\Roaming\\npm\\node_modules\\npm\\bin\\npm-cli.js',
1 verbose cli   'install',
1 verbose cli   '--save',
1 verbose cli   '--save-exact',
1 verbose cli   'ws',
1 verbose cli   'bufferutil',
1 verbose cli   'utf-8-validate' ]
2 info using npm@3.8.6
3 info using node@v6.9.1
4 silly loadCurrentTree Starting
5 silly install loadCurrentTree
6 silly install readLocalPackageData
7 silly fetchPackageMetaData ws@^1.1.1
8 silly fetchPackageMetaData bufferutil
9 silly fetchPackageMetaData utf-8-validate
10 silly fetchNamedPackageData ws
11 silly mapToRegistry name ws
12 silly mapToRegistry using default registry
13 silly mapToRegistry registry https://registry.npmjs.org/
14 silly mapToRegistry data Result {
14 silly mapToRegistry   raw: 'ws',
14 silly mapToRegistry   scope: null,
14 silly mapToRegistry   name: 'ws',
14 silly mapToRegistry   rawSpec: '',
14 silly mapToRegistry   spec: 'latest',
14 silly mapToRegistry   type: 'tag' }
15 silly mapToRegistry uri https://registry.npmjs.org/ws
16 silly fetchNamedPackageData bufferutil
17 silly mapToRegistry name bufferutil
18 silly mapToRegistry using default registry
19 silly mapToRegistry registry https://registry.npmjs.org/
20 silly mapToRegistry data Result {
20 silly mapToRegistry   raw: 'bufferutil',
20 silly mapToRegistry   scope: null,
20 silly mapToRegistry   name: 'bufferutil',
20 silly mapToRegistry   rawSpec: '',
20 silly mapToRegistry   spec: 'latest',
20 silly mapToRegistry   type: 'tag' }
21 silly mapToRegistry uri https://registry.npmjs.org/bufferutil
22 silly fetchNamedPackageData utf-8-validate
23 silly mapToRegistry name utf-8-validate
24 silly mapToRegistry using default registry
25 silly mapToRegistry registry https://registry.npmjs.org/
26 silly mapToRegistry data Result {
26 silly mapToRegistry   raw: 'utf-8-validate',
26 silly mapToRegistry   scope: null,
26 silly mapToRegistry   name: 'utf-8-validate',
26 silly mapToRegistry   rawSpec: '',
26 silly mapToRegistry   spec: 'latest',
26 silly mapToRegistry   type: 'tag' }
27 silly mapToRegistry uri https://registry.npmjs.org/utf-8-validate
28 verbose request uri https://registry.npmjs.org/ws
29 verbose request no auth needed
30 info attempt registry request try #1 at 01:27:40
31 verbose request id c0a17c073ec9d2aa
32 verbose etag W/"5839c7fb-148ec"
33 verbose lastModified Sat, 26 Nov 2016 17:35:55 GMT
34 http request GET https://registry.npmjs.org/ws
35 verbose request uri https://registry.npmjs.org/bufferutil
36 verbose request no auth needed
37 info attempt registry request try #1 at 01:27:40
38 verbose etag W/"583a8891-250b"
39 verbose lastModified Sun, 27 Nov 2016 07:17:37 GMT
40 http request GET https://registry.npmjs.org/bufferutil
41 verbose request uri https://registry.npmjs.org/utf-8-validate
42 verbose request no auth needed
43 info attempt registry request try #1 at 01:27:40
44 verbose etag W/"58483a3e-2665"
45 verbose lastModified Wed, 07 Dec 2016 16:35:10 GMT
46 http request GET https://registry.npmjs.org/utf-8-validate
47 http 304 https://registry.npmjs.org/ws
48 verbose headers { date: 'Thu, 08 Dec 2016 00:27:40 GMT',
48 verbose headers   via: '1.1 varnish',
48 verbose headers   'cache-control': 'max-age=300',
48 verbose headers   etag: 'W/"5839c7fb-148ec"',
48 verbose headers   age: '3',
48 verbose headers   connection: 'keep-alive',
48 verbose headers   'x-served-by': 'cache-ams4436-AMS',
48 verbose headers   'x-cache': 'HIT',
48 verbose headers   'x-cache-hits': '1',
48 verbose headers   'x-timer': 'S1481156860.694488,VS0,VE0',
48 verbose headers   vary: 'Accept-Encoding' }
49 silly get cb [ 304,
49 silly get   { date: 'Thu, 08 Dec 2016 00:27:40 GMT',
49 silly get     via: '1.1 varnish',
49 silly get     'cache-control': 'max-age=300',
49 silly get     etag: 'W/"5839c7fb-148ec"',
49 silly get     age: '3',
49 silly get     connection: 'keep-alive',
49 silly get     'x-served-by': 'cache-ams4436-AMS',
49 silly get     'x-cache': 'HIT',
49 silly get     'x-cache-hits': '1',
49 silly get     'x-timer': 'S1481156860.694488,VS0,VE0',
49 silly get     vary: 'Accept-Encoding' } ]
50 verbose etag https://registry.npmjs.org/ws from cache
51 verbose get saving ws to C:\Users\Phil\AppData\Roaming\npm-cache\registry.npmjs.org\ws\.cache.json
52 verbose correctMkdir C:\Users\Phil\AppData\Roaming\npm-cache correctMkdir not in flight; initializing
53 http 304 https://registry.npmjs.org/utf-8-validate
54 verbose headers { date: 'Thu, 08 Dec 2016 00:27:40 GMT',
54 verbose headers   via: '1.1 varnish',
54 verbose headers   'cache-control': 'max-age=300',
54 verbose headers   etag: 'W/"58483a3e-2665"',
54 verbose headers   age: '24',
54 verbose headers   connection: 'keep-alive',
54 verbose headers   'x-served-by': 'cache-ams4135-AMS',
54 verbose headers   'x-cache': 'HIT',
54 verbose headers   'x-cache-hits': '789',
54 verbose headers   'x-timer': 'S1481156860.696071,VS0,VE0',
54 verbose headers   vary: 'Accept-Encoding' }
55 silly get cb [ 304,
55 silly get   { date: 'Thu, 08 Dec 2016 00:27:40 GMT',
55 silly get     via: '1.1 varnish',
55 silly get     'cache-control': 'max-age=300',
55 silly get     etag: 'W/"58483a3e-2665"',
55 silly get     age: '24',
55 silly get     connection: 'keep-alive',
55 silly get     'x-served-by': 'cache-ams4135-AMS',
55 silly get     'x-cache': 'HIT',
55 silly get     'x-cache-hits': '789',
55 silly get     'x-timer': 'S1481156860.696071,VS0,VE0',
55 silly get     vary: 'Accept-Encoding' } ]
56 verbose etag https://registry.npmjs.org/utf-8-validate from cache
57 verbose get saving utf-8-validate to C:\Users\Phil\AppData\Roaming\npm-cache\registry.npmjs.org\utf-8-validate\.cache.json
58 verbose correctMkdir C:\Users\Phil\AppData\Roaming\npm-cache correctMkdir already in flight; waiting
59 http 304 https://registry.npmjs.org/bufferutil
60 verbose headers { date: 'Thu, 08 Dec 2016 00:27:40 GMT',
60 verbose headers   via: '1.1 varnish',
60 verbose headers   'cache-control': 'max-age=300',
60 verbose headers   etag: 'W/"583a8891-250b"',
60 verbose headers   age: '24',
60 verbose headers   connection: 'keep-alive',
60 verbose headers   'x-served-by': 'cache-ams4444-AMS',
60 verbose headers   'x-cache': 'HIT',
60 verbose headers   'x-cache-hits': '2',
60 verbose headers   'x-timer': 'S1481156860.695465,VS0,VE0',
60 verbose headers   vary: 'Accept-Encoding' }
61 silly get cb [ 304,
61 silly get   { date: 'Thu, 08 Dec 2016 00:27:40 GMT',
61 silly get     via: '1.1 varnish',
61 silly get     'cache-control': 'max-age=300',
61 silly get     etag: 'W/"583a8891-250b"',
61 silly get     age: '24',
61 silly get     connection: 'keep-alive',
61 silly get     'x-served-by': 'cache-ams4444-AMS',
61 silly get     'x-cache': 'HIT',
61 silly get     'x-cache-hits': '2',
61 silly get     'x-timer': 'S1481156860.695465,VS0,VE0',
61 silly get     vary: 'Accept-Encoding' } ]
62 verbose etag https://registry.npmjs.org/bufferutil from cache
63 verbose get saving bufferutil to C:\Users\Phil\AppData\Roaming\npm-cache\registry.npmjs.org\bufferutil\.cache.json
64 verbose correctMkdir C:\Users\Phil\AppData\Roaming\npm-cache correctMkdir already in flight; waiting
65 silly install normalizeTree
66 silly loadCurrentTree Finishing
67 silly loadIdealTree Starting
68 silly install loadIdealTree
69 silly cloneCurrentTree Starting
70 silly install cloneCurrentTreeToIdealTree
71 silly cloneCurrentTree Finishing
72 silly loadShrinkwrap Starting
73 silly install loadShrinkwrap
74 silly loadShrinkwrap Finishing
75 silly loadAllDepsIntoIdealTree Starting
76 silly install loadAllDepsIntoIdealTree
77 silly resolveWithNewModule ws@1.1.1 checking installable status
78 silly cache add args [ 'ws@^1.1.1', null ]
79 verbose cache add spec ws@^1.1.1
80 silly resolveWithNewModule bufferutil@1.3.0 checking installable status
81 silly cache add args [ 'bufferutil', null ]
82 verbose cache add spec bufferutil
83 silly resolveWithNewModule utf-8-validate@1.2.2 checking installable status
84 silly cache add args [ 'utf-8-validate', null ]
85 verbose cache add spec utf-8-validate
86 silly cache add parsed spec Result {
86 silly cache add   raw: 'ws@^1.1.1',
86 silly cache add   scope: null,
86 silly cache add   name: 'ws',
86 silly cache add   rawSpec: '^1.1.1',
86 silly cache add   spec: '>=1.1.1 <2.0.0',
86 silly cache add   type: 'range' }
87 silly addNamed ws@>=1.1.1 <2.0.0
88 verbose addNamed ">=1.1.1 <2.0.0" is a valid semver range for ws
89 silly addNameRange { name: 'ws', range: '>=1.1.1 <2.0.0', hasData: false }
90 silly mapToRegistry name ws
91 silly mapToRegistry using default registry
92 silly mapToRegistry registry https://registry.npmjs.org/
93 silly mapToRegistry data Result {
93 silly mapToRegistry   raw: 'ws',
93 silly mapToRegistry   scope: null,
93 silly mapToRegistry   name: 'ws',
93 silly mapToRegistry   rawSpec: '',
93 silly mapToRegistry   spec: 'latest',
93 silly mapToRegistry   type: 'tag' }
94 silly mapToRegistry uri https://registry.npmjs.org/ws
95 verbose addNameRange registry:https://registry.npmjs.org/ws not in flight; fetching
96 silly cache add parsed spec Result {
96 silly cache add   raw: 'bufferutil',
96 silly cache add   scope: null,
96 silly cache add   name: 'bufferutil',
96 silly cache add   rawSpec: '',
96 silly cache add   spec: 'latest',
96 silly cache add   type: 'tag' }
97 silly addNamed bufferutil@latest
98 verbose addNamed "latest" is being treated as a dist-tag for bufferutil
99 info addNameTag [ 'bufferutil', 'latest' ]
100 silly mapToRegistry name bufferutil
101 silly mapToRegistry using default registry
102 silly mapToRegistry registry https://registry.npmjs.org/
103 silly mapToRegistry data Result {
103 silly mapToRegistry   raw: 'bufferutil',
103 silly mapToRegistry   scope: null,
103 silly mapToRegistry   name: 'bufferutil',
103 silly mapToRegistry   rawSpec: '',
103 silly mapToRegistry   spec: 'latest',
103 silly mapToRegistry   type: 'tag' }
104 silly mapToRegistry uri https://registry.npmjs.org/bufferutil
105 verbose addNameTag registry:https://registry.npmjs.org/bufferutil not in flight; fetching
106 silly cache add parsed spec Result {
106 silly cache add   raw: 'utf-8-validate',
106 silly cache add   scope: null,
106 silly cache add   name: 'utf-8-validate',
106 silly cache add   rawSpec: '',
106 silly cache add   spec: 'latest',
106 silly cache add   type: 'tag' }
107 silly addNamed utf-8-validate@latest
108 verbose addNamed "latest" is being treated as a dist-tag for utf-8-validate
109 info addNameTag [ 'utf-8-validate', 'latest' ]
110 silly mapToRegistry name utf-8-validate
111 silly mapToRegistry using default registry
112 silly mapToRegistry registry https://registry.npmjs.org/
113 silly mapToRegistry data Result {
113 silly mapToRegistry   raw: 'utf-8-validate',
113 silly mapToRegistry   scope: null,
113 silly mapToRegistry   name: 'utf-8-validate',
113 silly mapToRegistry   rawSpec: '',
113 silly mapToRegistry   spec: 'latest',
113 silly mapToRegistry   type: 'tag' }
114 silly mapToRegistry uri https://registry.npmjs.org/utf-8-validate
115 verbose addNameTag registry:https://registry.npmjs.org/utf-8-validate not in flight; fetching
116 verbose get https://registry.npmjs.org/ws not expired, no request
117 silly addNameRange number 2 { name: 'ws', range: '>=1.1.1 <2.0.0', hasData: true }
118 silly addNameRange versions [ 'ws',
118 silly addNameRange   [ '0.2.6',
118 silly addNameRange     '0.2.8',
118 silly addNameRange     '0.2.9',
118 silly addNameRange     '0.3.0',
118 silly addNameRange     '0.3.1',
118 silly addNameRange     '0.3.2',
118 silly addNameRange     '0.3.3',
118 silly addNameRange     '0.3.4',
118 silly addNameRange     '0.3.4-2',
118 silly addNameRange     '0.3.5',
118 silly addNameRange     '0.3.5-2',
118 silly addNameRange     '0.3.5-3',
118 silly addNameRange     '0.3.5-4',
118 silly addNameRange     '0.3.6',
118 silly addNameRange     '0.3.7',
118 silly addNameRange     '0.3.8',
118 silly addNameRange     '0.3.9',
118 silly addNameRange     '0.4.0',
118 silly addNameRange     '0.4.1',
118 silly addNameRange     '0.4.2',
118 silly addNameRange     '0.4.3',
118 silly addNameRange     '0.4.5',
118 silly addNameRange     '0.4.6',
118 silly addNameRange     '0.4.7',
118 silly addNameRange     '0.4.8',
118 silly addNameRange     '0.4.9',
118 silly addNameRange     '0.4.10',
118 silly addNameRange     '0.4.11',
118 silly addNameRange     '0.4.12',
118 silly addNameRange     '0.4.13',
118 silly addNameRange     '0.4.14',
118 silly addNameRange     '0.4.15',
118 silly addNameRange     '0.4.16',
118 silly addNameRange     '0.4.17',
118 silly addNameRange     '0.4.18',
118 silly addNameRange     '0.4.19',
118 silly addNameRange     '0.4.20',
118 silly addNameRange     '0.4.21',
118 silly addNameRange     '0.4.22',
118 silly addNameRange     '0.4.23',
118 silly addNameRange     '0.4.24',
118 silly addNameRange     '0.4.25',
118 silly addNameRange     '0.4.27',
118 silly addNameRange     '0.4.28',
118 silly addNameRange     '0.4.29',
118 silly addNameRange     '0.4.30',
118 silly addNameRange     '0.4.31',
118 silly addNameRange     '0.4.32',
118 silly addNameRange     '0.5.0',
118 silly addNameRange     '0.6.0',
118 silly addNameRange     '0.6.1',
118 silly addNameRange     '0.6.2',
118 silly addNameRange     '0.6.3',
118 silly addNameRange     '0.6.4',
118 silly addNameRange     '0.6.5',
118 silly addNameRange     '0.7.0',
118 silly addNameRange     '0.7.1',
118 silly addNameRange     '0.7.2',
118 silly addNameRange     '0.8.0',
118 silly addNameRange     '0.8.1',
118 silly addNameRange     '1.0.0',
118 silly addNameRange     '1.0.1',
118 silly addNameRange     '1.1.0',
118 silly addNameRange     '1.1.1' ] ]
119 silly addNamed ws@1.1.1
120 verbose addNamed "1.1.1" is a plain semver version for ws
121 verbose get https://registry.npmjs.org/bufferutil not expired, no request
122 silly addNameTag next cb for bufferutil with tag latest
123 silly addNamed bufferutil@1.3.0
124 verbose addNamed "1.3.0" is a plain semver version for bufferutil
125 verbose get https://registry.npmjs.org/utf-8-validate not expired, no request
126 silly addNameTag next cb for utf-8-validate with tag latest
127 silly addNamed utf-8-validate@1.2.2
128 verbose addNamed "1.2.2" is a plain semver version for utf-8-validate
129 silly cache afterAdd ws@1.1.1
130 verbose afterAdd C:\Users\Phil\AppData\Roaming\npm-cache\ws\1.1.1\package\package.json not in flight; writing
131 verbose correctMkdir C:\Users\Phil\AppData\Roaming\npm-cache correctMkdir not in flight; initializing
132 silly cache afterAdd bufferutil@1.3.0
133 verbose afterAdd C:\Users\Phil\AppData\Roaming\npm-cache\bufferutil\1.3.0\package\package.json not in flight; writing
134 verbose correctMkdir C:\Users\Phil\AppData\Roaming\npm-cache correctMkdir not in flight; initializing
135 silly cache afterAdd utf-8-validate@1.2.2
136 verbose afterAdd C:\Users\Phil\AppData\Roaming\npm-cache\utf-8-validate\1.2.2\package\package.json not in flight; writing
137 verbose correctMkdir C:\Users\Phil\AppData\Roaming\npm-cache correctMkdir not in flight; initializing
138 verbose afterAdd C:\Users\Phil\AppData\Roaming\npm-cache\bufferutil\1.3.0\package\package.json written
139 verbose afterAdd C:\Users\Phil\AppData\Roaming\npm-cache\ws\1.1.1\package\package.json written
140 verbose afterAdd C:\Users\Phil\AppData\Roaming\npm-cache\utf-8-validate\1.2.2\package\package.json written
141 silly fetchNamedPackageData bindings
142 silly mapToRegistry name bindings
143 silly mapToRegistry using default registry
144 silly mapToRegistry registry https://registry.npmjs.org/
145 silly mapToRegistry data Result {
145 silly mapToRegistry   raw: 'bindings',
145 silly mapToRegistry   scope: null,
145 silly mapToRegistry   name: 'bindings',
145 silly mapToRegistry   rawSpec: '',
145 silly mapToRegistry   spec: 'latest',
145 silly mapToRegistry   type: 'tag' }
146 silly mapToRegistry uri https://registry.npmjs.org/bindings
147 silly fetchNamedPackageData nan
148 silly mapToRegistry name nan
149 silly mapToRegistry using default registry
150 silly mapToRegistry registry https://registry.npmjs.org/
151 silly mapToRegistry data Result {
151 silly mapToRegistry   raw: 'nan',
151 silly mapToRegistry   scope: null,
151 silly mapToRegistry   name: 'nan',
151 silly mapToRegistry   rawSpec: '',
151 silly mapToRegistry   spec: 'latest',
151 silly mapToRegistry   type: 'tag' }
152 silly mapToRegistry uri https://registry.npmjs.org/nan
153 verbose request uri https://registry.npmjs.org/bindings
154 verbose request no auth needed
155 info attempt registry request try #1 at 01:27:40
156 verbose etag W/"580645d3-46f7"
157 verbose lastModified Tue, 18 Oct 2016 15:54:59 GMT
158 http request GET https://registry.npmjs.org/bindings
159 verbose request uri https://registry.npmjs.org/nan
160 verbose request no auth needed
161 info attempt registry request try #1 at 01:27:40
162 verbose etag W/"58429a07-1ce2d"
163 verbose lastModified Sat, 03 Dec 2016 10:10:15 GMT
164 http request GET https://registry.npmjs.org/nan
165 http 304 https://registry.npmjs.org/bindings
166 verbose headers { date: 'Thu, 08 Dec 2016 00:27:40 GMT',
166 verbose headers   via: '1.1 varnish',
166 verbose headers   'cache-control': 'max-age=300',
166 verbose headers   etag: 'W/"580645d3-46f7"',
166 verbose headers   age: '162',
166 verbose headers   connection: 'keep-alive',
166 verbose headers   'x-served-by': 'cache-ams4436-AMS',
166 verbose headers   'x-cache': 'HIT',
166 verbose headers   'x-cache-hits': '2',
166 verbose headers   'x-timer': 'S1481156860.877153,VS0,VE0',
166 verbose headers   vary: 'Accept-Encoding' }
167 silly get cb [ 304,
167 silly get   { date: 'Thu, 08 Dec 2016 00:27:40 GMT',
167 silly get     via: '1.1 varnish',
167 silly get     'cache-control': 'max-age=300',
167 silly get     etag: 'W/"580645d3-46f7"',
167 silly get     age: '162',
167 silly get     connection: 'keep-alive',
167 silly get     'x-served-by': 'cache-ams4436-AMS',
167 silly get     'x-cache': 'HIT',
167 silly get     'x-cache-hits': '2',
167 silly get     'x-timer': 'S1481156860.877153,VS0,VE0',
167 silly get     vary: 'Accept-Encoding' } ]
168 verbose etag https://registry.npmjs.org/bindings from cache
169 verbose get saving bindings to C:\Users\Phil\AppData\Roaming\npm-cache\registry.npmjs.org\bindings\.cache.json
170 verbose correctMkdir C:\Users\Phil\AppData\Roaming\npm-cache correctMkdir not in flight; initializing
171 http 304 https://registry.npmjs.org/nan
172 verbose headers { date: 'Thu, 08 Dec 2016 00:27:40 GMT',
172 verbose headers   via: '1.1 varnish',
172 verbose headers   'cache-control': 'max-age=300',
172 verbose headers   etag: 'W/"58429a07-1ce2d"',
172 verbose headers   age: '214',
172 verbose headers   connection: 'keep-alive',
172 verbose headers   'x-served-by': 'cache-ams4135-AMS',
172 verbose headers   'x-cache': 'HIT',
172 verbose headers   'x-cache-hits': '1',
172 verbose headers   'x-timer': 'S1481156860.880029,VS0,VE0',
172 verbose headers   vary: 'Accept-Encoding' }
173 silly get cb [ 304,
173 silly get   { date: 'Thu, 08 Dec 2016 00:27:40 GMT',
173 silly get     via: '1.1 varnish',
173 silly get     'cache-control': 'max-age=300',
173 silly get     etag: 'W/"58429a07-1ce2d"',
173 silly get     age: '214',
173 silly get     connection: 'keep-alive',
173 silly get     'x-served-by': 'cache-ams4135-AMS',
173 silly get     'x-cache': 'HIT',
173 silly get     'x-cache-hits': '1',
173 silly get     'x-timer': 'S1481156860.880029,VS0,VE0',
173 silly get     vary: 'Accept-Encoding' } ]
174 verbose etag https://registry.npmjs.org/nan from cache
175 verbose get saving nan to C:\Users\Phil\AppData\Roaming\npm-cache\registry.npmjs.org\nan\.cache.json
176 verbose correctMkdir C:\Users\Phil\AppData\Roaming\npm-cache correctMkdir not in flight; initializing
177 silly resolveWithNewModule bindings@1.2.1 checking installable status
178 silly cache add args [ 'bindings@~1.2.1', null ]
179 verbose cache add spec bindings@~1.2.1
180 silly cache add parsed spec Result {
180 silly cache add   raw: 'bindings@~1.2.1',
180 silly cache add   scope: null,
180 silly cache add   name: 'bindings',
180 silly cache add   rawSpec: '~1.2.1',
180 silly cache add   spec: '>=1.2.1 <1.3.0',
180 silly cache add   type: 'range' }
181 silly addNamed bindings@>=1.2.1 <1.3.0
182 verbose addNamed ">=1.2.1 <1.3.0" is a valid semver range for bindings
183 silly addNameRange { name: 'bindings', range: '>=1.2.1 <1.3.0', hasData: false }
184 silly mapToRegistry name bindings
185 silly mapToRegistry using default registry
186 silly mapToRegistry registry https://registry.npmjs.org/
187 silly mapToRegistry data Result {
187 silly mapToRegistry   raw: 'bindings',
187 silly mapToRegistry   scope: null,
187 silly mapToRegistry   name: 'bindings',
187 silly mapToRegistry   rawSpec: '',
187 silly mapToRegistry   spec: 'latest',
187 silly mapToRegistry   type: 'tag' }
188 silly mapToRegistry uri https://registry.npmjs.org/bindings
189 verbose addNameRange registry:https://registry.npmjs.org/bindings not in flight; fetching
190 verbose get https://registry.npmjs.org/bindings not expired, no request
191 silly addNameRange number 2 { name: 'bindings', range: '>=1.2.1 <1.3.0', hasData: true }
192 silly addNameRange versions [ 'bindings',
192 silly addNameRange   [ '0.0.1',
192 silly addNameRange     '0.1.0',
192 silly addNameRange     '0.1.1',
192 silly addNameRange     '0.2.0',
192 silly addNameRange     '0.2.1',
192 silly addNameRange     '0.2.2',
192 silly addNameRange     '0.2.3',
192 silly addNameRange     '0.2.4',
192 silly addNameRange     '0.3.0',
192 silly addNameRange     '0.4.0',
192 silly addNameRange     '1.0.0',
192 silly addNameRange     '1.1.0',
192 silly addNameRange     '1.1.1',
192 silly addNameRange     '1.2.0',
192 silly addNameRange     '1.2.1' ] ]
193 silly addNamed bindings@1.2.1
194 verbose addNamed "1.2.1" is a plain semver version for bindings
195 silly cache afterAdd bindings@1.2.1
196 verbose afterAdd C:\Users\Phil\AppData\Roaming\npm-cache\bindings\1.2.1\package\package.json not in flight; writing
197 verbose correctMkdir C:\Users\Phil\AppData\Roaming\npm-cache correctMkdir not in flight; initializing
198 silly resolveWithNewModule nan@2.4.0 checking installable status
199 silly cache add args [ 'nan@~2.4.0', null ]
200 verbose cache add spec nan@~2.4.0
201 silly cache add parsed spec Result {
201 silly cache add   raw: 'nan@~2.4.0',
201 silly cache add   scope: null,
201 silly cache add   name: 'nan',
201 silly cache add   rawSpec: '~2.4.0',
201 silly cache add   spec: '>=2.4.0 <2.5.0',
201 silly cache add   type: 'range' }
202 silly addNamed nan@>=2.4.0 <2.5.0
203 verbose addNamed ">=2.4.0 <2.5.0" is a valid semver range for nan
204 silly addNameRange { name: 'nan', range: '>=2.4.0 <2.5.0', hasData: false }
205 silly mapToRegistry name nan
206 silly mapToRegistry using default registry
207 silly mapToRegistry registry https://registry.npmjs.org/
208 silly mapToRegistry data Result {
208 silly mapToRegistry   raw: 'nan',
208 silly mapToRegistry   scope: null,
208 silly mapToRegistry   name: 'nan',
208 silly mapToRegistry   rawSpec: '',
208 silly mapToRegistry   spec: 'latest',
208 silly mapToRegistry   type: 'tag' }
209 silly mapToRegistry uri https://registry.npmjs.org/nan
210 verbose addNameRange registry:https://registry.npmjs.org/nan not in flight; fetching
211 verbose get https://registry.npmjs.org/nan not expired, no request
212 silly addNameRange number 2 { name: 'nan', range: '>=2.4.0 <2.5.0', hasData: true }
213 silly addNameRange versions [ 'nan',
213 silly addNameRange   [ '0.3.0-wip',
213 silly addNameRange     '0.3.0-wip2',
213 silly addNameRange     '0.3.0',
213 silly addNameRange     '0.3.1',
213 silly addNameRange     '0.3.2',
213 silly addNameRange     '0.4.0',
213 silly addNameRange     '0.4.1',
213 silly addNameRange     '0.4.2',
213 silly addNameRange     '0.4.3',
213 silly addNameRange     '0.4.4',
213 silly addNameRange     '0.5.0',
213 silly addNameRange     '0.5.1',
213 silly addNameRange     '0.5.2',
213 silly addNameRange     '0.6.0',
213 silly addNameRange     '0.7.0',
213 silly addNameRange     '0.7.1',
213 silly addNameRange     '0.8.0',
213 silly addNameRange     '1.0.0',
213 silly addNameRange     '1.1.0',
213 silly addNameRange     '1.1.1',
213 silly addNameRange     '1.1.2',
213 silly addNameRange     '1.2.0',
213 silly addNameRange     '1.3.0',
213 silly addNameRange     '1.4.0',
213 silly addNameRange     '1.4.1',
213 silly addNameRange     '1.5.0',
213 silly addNameRange     '1.4.2',
213 silly addNameRange     '1.4.3',
213 silly addNameRange     '1.5.1',
213 silly addNameRange     '1.5.2',
213 silly addNameRange     '1.6.0',
213 silly addNameRange     '1.5.3',
213 silly addNameRange     '1.6.1',
213 silly addNameRange     '1.6.2',
213 silly addNameRange     '1.7.0',
213 silly addNameRange     '1.8.0',
213 silly addNameRange     '1.8.1',
213 silly addNameRange     '1.8.2',
213 silly addNameRange     '1.8.3',
213 silly addNameRange     '1.8.4',
213 silly addNameRange     '1.9.0',
213 silly addNameRange     '2.0.0',
213 silly addNameRange     '2.0.1',
213 silly addNameRange     '2.0.2',
213 silly addNameRange     '2.0.3',
213 silly addNameRange     '2.0.4',
213 silly addNameRange     '2.0.5',
213 silly addNameRange     '2.0.6',
213 silly addNameRange     '2.0.7',
213 silly addNameRange     '2.0.8',
213 silly addNameRange     '2.0.9',
213 silly addNameRange     '2.1.0',
213 silly addNameRange     '2.2.0',
213 silly addNameRange     '2.2.1',
213 silly addNameRange     '2.3.0',
213 silly addNameRange     '2.3.1',
213 silly addNameRange     '2.3.2',
213 silly addNameRange     '2.3.3',
213 silly addNameRange     '2.3.4',
213 silly addNameRange     '2.3.5',
213 silly addNameRange     '2.4.0' ] ]
214 silly addNamed nan@2.4.0
215 verbose addNamed "2.4.0" is a plain semver version for nan
216 silly cache afterAdd nan@2.4.0
217 verbose afterAdd C:\Users\Phil\AppData\Roaming\npm-cache\nan\2.4.0\package\package.json not in flight; writing
218 verbose correctMkdir C:\Users\Phil\AppData\Roaming\npm-cache correctMkdir not in flight; initializing
219 verbose afterAdd C:\Users\Phil\AppData\Roaming\npm-cache\bindings\1.2.1\package\package.json written
220 verbose afterAdd C:\Users\Phil\AppData\Roaming\npm-cache\nan\2.4.0\package\package.json written
221 silly fetchNamedPackageData options
222 silly mapToRegistry name options
223 silly mapToRegistry using default registry
224 silly mapToRegistry registry https://registry.npmjs.org/
225 silly mapToRegistry data Result {
225 silly mapToRegistry   raw: 'options',
225 silly mapToRegistry   scope: null,
225 silly mapToRegistry   name: 'options',
225 silly mapToRegistry   rawSpec: '',
225 silly mapToRegistry   spec: 'latest',
225 silly mapToRegistry   type: 'tag' }
226 silly mapToRegistry uri https://registry.npmjs.org/options
227 silly fetchNamedPackageData ultron
228 silly mapToRegistry name ultron
229 silly mapToRegistry using default registry
230 silly mapToRegistry registry https://registry.npmjs.org/
231 silly mapToRegistry data Result {
231 silly mapToRegistry   raw: 'ultron',
231 silly mapToRegistry   scope: null,
231 silly mapToRegistry   name: 'ultron',
231 silly mapToRegistry   rawSpec: '',
231 silly mapToRegistry   spec: 'latest',
231 silly mapToRegistry   type: 'tag' }
232 silly mapToRegistry uri https://registry.npmjs.org/ultron
233 verbose request uri https://registry.npmjs.org/options
234 verbose request no auth needed
235 info attempt registry request try #1 at 01:27:40
236 verbose etag W/"582e3b5c-1fda"
237 verbose lastModified Thu, 17 Nov 2016 23:21:00 GMT
238 http request GET https://registry.npmjs.org/options
239 verbose request uri https://registry.npmjs.org/ultron
240 verbose request no auth needed
241 info attempt registry request try #1 at 01:27:40
242 verbose etag W/"5818e2ca-27b9"
243 verbose lastModified Tue, 01 Nov 2016 18:45:30 GMT
244 http request GET https://registry.npmjs.org/ultron
245 http 304 https://registry.npmjs.org/ultron
246 verbose headers { date: 'Thu, 08 Dec 2016 00:27:40 GMT',
246 verbose headers   via: '1.1 varnish',
246 verbose headers   'cache-control': 'max-age=300',
246 verbose headers   etag: 'W/"5818e2ca-27b9"',
246 verbose headers   age: '271',
246 verbose headers   connection: 'keep-alive',
246 verbose headers   'x-served-by': 'cache-ams4436-AMS',
246 verbose headers   'x-cache': 'HIT',
246 verbose headers   'x-cache-hits': '1',
246 verbose headers   'x-timer': 'S1481156860.952524,VS0,VE0',
246 verbose headers   vary: 'Accept-Encoding' }
247 silly get cb [ 304,
247 silly get   { date: 'Thu, 08 Dec 2016 00:27:40 GMT',
247 silly get     via: '1.1 varnish',
247 silly get     'cache-control': 'max-age=300',
247 silly get     etag: 'W/"5818e2ca-27b9"',
247 silly get     age: '271',
247 silly get     connection: 'keep-alive',
247 silly get     'x-served-by': 'cache-ams4436-AMS',
247 silly get     'x-cache': 'HIT',
247 silly get     'x-cache-hits': '1',
247 silly get     'x-timer': 'S1481156860.952524,VS0,VE0',
247 silly get     vary: 'Accept-Encoding' } ]
248 verbose etag https://registry.npmjs.org/ultron from cache
249 verbose get saving ultron to C:\Users\Phil\AppData\Roaming\npm-cache\registry.npmjs.org\ultron\.cache.json
250 verbose correctMkdir C:\Users\Phil\AppData\Roaming\npm-cache correctMkdir not in flight; initializing
251 silly resolveWithNewModule ultron@1.0.2 checking installable status
252 silly cache add args [ 'ultron@1.0.x', null ]
253 verbose cache add spec ultron@1.0.x
254 silly cache add parsed spec Result {
254 silly cache add   raw: 'ultron@1.0.x',
254 silly cache add   scope: null,
254 silly cache add   name: 'ultron',
254 silly cache add   rawSpec: '1.0.x',
254 silly cache add   spec: '>=1.0.0 <1.1.0',
254 silly cache add   type: 'range' }
255 silly addNamed ultron@>=1.0.0 <1.1.0
256 verbose addNamed ">=1.0.0 <1.1.0" is a valid semver range for ultron
257 silly addNameRange { name: 'ultron', range: '>=1.0.0 <1.1.0', hasData: false }
258 silly mapToRegistry name ultron
259 silly mapToRegistry using default registry
260 silly mapToRegistry registry https://registry.npmjs.org/
261 silly mapToRegistry data Result {
261 silly mapToRegistry   raw: 'ultron',
261 silly mapToRegistry   scope: null,
261 silly mapToRegistry   name: 'ultron',
261 silly mapToRegistry   rawSpec: '',
261 silly mapToRegistry   spec: 'latest',
261 silly mapToRegistry   type: 'tag' }
262 silly mapToRegistry uri https://registry.npmjs.org/ultron
263 verbose addNameRange registry:https://registry.npmjs.org/ultron not in flight; fetching
264 verbose get https://registry.npmjs.org/ultron not expired, no request
265 silly addNameRange number 2 { name: 'ultron', range: '>=1.0.0 <1.1.0', hasData: true }
266 silly addNameRange versions [ 'ultron', [ '0.0.0', '1.0.0', '1.0.1', '1.0.2' ] ]
267 silly addNamed ultron@1.0.2
268 verbose addNamed "1.0.2" is a plain semver version for ultron
269 http 304 https://registry.npmjs.org/options
270 verbose headers { date: 'Thu, 08 Dec 2016 00:27:40 GMT',
270 verbose headers   via: '1.1 varnish',
270 verbose headers   'cache-control': 'max-age=300',
270 verbose headers   etag: 'W/"582e3b5c-1fda"',
270 verbose headers   age: '69',
270 verbose headers   connection: 'keep-alive',
270 verbose headers   'x-served-by': 'cache-ams4444-AMS',
270 verbose headers   'x-cache': 'HIT',
270 verbose headers   'x-cache-hits': '1',
270 verbose headers   'x-timer': 'S1481156860.951228,VS0,VE8',
270 verbose headers   vary: 'Accept-Encoding' }
271 silly get cb [ 304,
271 silly get   { date: 'Thu, 08 Dec 2016 00:27:40 GMT',
271 silly get     via: '1.1 varnish',
271 silly get     'cache-control': 'max-age=300',
271 silly get     etag: 'W/"582e3b5c-1fda"',
271 silly get     age: '69',
271 silly get     connection: 'keep-alive',
271 silly get     'x-served-by': 'cache-ams4444-AMS',
271 silly get     'x-cache': 'HIT',
271 silly get     'x-cache-hits': '1',
271 silly get     'x-timer': 'S1481156860.951228,VS0,VE8',
271 silly get     vary: 'Accept-Encoding' } ]
272 verbose etag https://registry.npmjs.org/options from cache
273 verbose get saving options to C:\Users\Phil\AppData\Roaming\npm-cache\registry.npmjs.org\options\.cache.json
274 verbose correctMkdir C:\Users\Phil\AppData\Roaming\npm-cache correctMkdir not in flight; initializing
275 silly cache afterAdd ultron@1.0.2
276 verbose afterAdd C:\Users\Phil\AppData\Roaming\npm-cache\ultron\1.0.2\package\package.json not in flight; writing
277 verbose correctMkdir C:\Users\Phil\AppData\Roaming\npm-cache correctMkdir not in flight; initializing
278 verbose afterAdd C:\Users\Phil\AppData\Roaming\npm-cache\ultron\1.0.2\package\package.json written
279 silly resolveWithNewModule options@0.0.6 checking installable status
280 silly cache add args [ 'options@>=0.0.5', null ]
281 verbose cache add spec options@>=0.0.5
282 silly cache add parsed spec Result {
282 silly cache add   raw: 'options@>=0.0.5',
282 silly cache add   scope: null,
282 silly cache add   name: 'options',
282 silly cache add   rawSpec: '>=0.0.5',
282 silly cache add   spec: '>=0.0.5',
282 silly cache add   type: 'range' }
283 silly addNamed options@>=0.0.5
284 verbose addNamed ">=0.0.5" is a valid semver range for options
285 silly addNameRange { name: 'options', range: '>=0.0.5', hasData: false }
286 silly mapToRegistry name options
287 silly mapToRegistry using default registry
288 silly mapToRegistry registry https://registry.npmjs.org/
289 silly mapToRegistry data Result {
289 silly mapToRegistry   raw: 'options',
289 silly mapToRegistry   scope: null,
289 silly mapToRegistry   name: 'options',
289 silly mapToRegistry   rawSpec: '',
289 silly mapToRegistry   spec: 'latest',
289 silly mapToRegistry   type: 'tag' }
290 silly mapToRegistry uri https://registry.npmjs.org/options
291 verbose addNameRange registry:https://registry.npmjs.org/options not in flight; fetching
292 verbose get https://registry.npmjs.org/options not expired, no request
293 silly addNameRange number 2 { name: 'options', range: '>=0.0.5', hasData: true }
294 silly addNameRange versions [ 'options',
294 silly addNameRange   [ '0.0.1', '0.0.2', '0.0.3', '0.0.4', '0.0.5', '0.0.6' ] ]
295 silly addNamed options@0.0.6
296 verbose addNamed "0.0.6" is a plain semver version for options
297 silly cache afterAdd options@0.0.6
298 verbose afterAdd C:\Users\Phil\AppData\Roaming\npm-cache\options\0.0.6\package\package.json not in flight; writing
299 verbose correctMkdir C:\Users\Phil\AppData\Roaming\npm-cache correctMkdir not in flight; initializing
300 verbose afterAdd C:\Users\Phil\AppData\Roaming\npm-cache\options\0.0.6\package\package.json written
301 silly loadAllDepsIntoIdealTree Finishing
302 silly idealTree:prePrune Phils-WebRTC-Client@1.0.0
302 silly idealTree:prePrune +-- accepts@1.3.3
302 silly idealTree:prePrune +-- array-flatten@1.1.1
302 silly idealTree:prePrune +-- bindings@1.2.1
302 silly idealTree:prePrune +-- bufferutil@1.3.0
302 silly idealTree:prePrune +-- content-disposition@0.5.1
302 silly idealTree:prePrune +-- content-type@1.0.2
302 silly idealTree:prePrune +-- cookie-signature@1.0.6
302 silly idealTree:prePrune +-- cookie@0.3.1
302 silly idealTree:prePrune +-- debug@2.2.0
302 silly idealTree:prePrune +-- depd@1.1.0
302 silly idealTree:prePrune +-- destroy@1.0.4
302 silly idealTree:prePrune +-- ee-first@1.1.1
302 silly idealTree:prePrune +-- ejs@2.5.5
302 silly idealTree:prePrune +-- encodeurl@1.0.1
302 silly idealTree:prePrune +-- escape-html@1.0.3
302 silly idealTree:prePrune +-- etag@1.7.0
302 silly idealTree:prePrune +-- express@4.14.0
302 silly idealTree:prePrune | `-- serve-static@1.11.1
302 silly idealTree:prePrune +-- finalhandler@0.5.0
302 silly idealTree:prePrune +-- forwarded@0.1.0
302 silly idealTree:prePrune +-- fresh@0.3.0
302 silly idealTree:prePrune +-- http-errors@1.5.1
302 silly idealTree:prePrune +-- inherits@2.0.3
302 silly idealTree:prePrune +-- ipaddr.js@1.1.1
302 silly idealTree:prePrune +-- media-typer@0.3.0
302 silly idealTree:prePrune +-- merge-descriptors@1.0.1
302 silly idealTree:prePrune +-- methods@1.1.2
302 silly idealTree:prePrune +-- mime-db@1.25.0
302 silly idealTree:prePrune +-- mime-types@2.1.13
302 silly idealTree:prePrune +-- mime@1.3.4
302 silly idealTree:prePrune +-- ms@0.7.1
302 silly idealTree:prePrune +-- nan@2.4.0
302 silly idealTree:prePrune +-- negotiator@0.6.1
302 silly idealTree:prePrune +-- on-finished@2.3.0
302 silly idealTree:prePrune +-- options@0.0.6
302 silly idealTree:prePrune +-- parseurl@1.3.1
302 silly idealTree:prePrune +-- path-to-regexp@0.1.7
302 silly idealTree:prePrune +-- proxy-addr@1.1.2
302 silly idealTree:prePrune +-- qs@6.2.0
302 silly idealTree:prePrune +-- range-parser@1.2.0
302 silly idealTree:prePrune +-- send@0.14.1
302 silly idealTree:prePrune +-- setprototypeof@1.0.2
302 silly idealTree:prePrune +-- statuses@1.3.1
302 silly idealTree:prePrune +-- type-is@1.6.14
302 silly idealTree:prePrune +-- ultron@1.0.2
302 silly idealTree:prePrune +-- unpipe@1.0.0
302 silly idealTree:prePrune +-- utf-8-validate@1.2.2
302 silly idealTree:prePrune +-- utils-merge@1.0.0
302 silly idealTree:prePrune +-- vary@1.1.0
302 silly idealTree:prePrune `-- ws@1.1.1
303 silly loadIdealTree Finishing
304 silly currentTree Phils-WebRTC-Client@1.0.0
304 silly currentTree +-- accepts@1.3.3
304 silly currentTree +-- array-flatten@1.1.1
304 silly currentTree +-- bindings@1.2.1
304 silly currentTree +-- content-disposition@0.5.1
304 silly currentTree +-- content-type@1.0.2
304 silly currentTree +-- cookie-signature@1.0.6
304 silly currentTree +-- cookie@0.3.1
304 silly currentTree +-- debug@2.2.0
304 silly currentTree +-- depd@1.1.0
304 silly currentTree +-- destroy@1.0.4
304 silly currentTree +-- ee-first@1.1.1
304 silly currentTree +-- ejs@2.5.5
304 silly currentTree +-- encodeurl@1.0.1
304 silly currentTree +-- escape-html@1.0.3
304 silly currentTree +-- etag@1.7.0
304 silly currentTree +-- express@4.14.0
304 silly currentTree | `-- serve-static@1.11.1
304 silly currentTree +-- finalhandler@0.5.0
304 silly currentTree +-- forwarded@0.1.0
304 silly currentTree +-- fresh@0.3.0
304 silly currentTree +-- http-errors@1.5.1
304 silly currentTree +-- inherits@2.0.3
304 silly currentTree +-- ipaddr.js@1.1.1
304 silly currentTree +-- media-typer@0.3.0
304 silly currentTree +-- merge-descriptors@1.0.1
304 silly currentTree +-- methods@1.1.2
304 silly currentTree +-- mime-db@1.25.0
304 silly currentTree +-- mime-types@2.1.13
304 silly currentTree +-- mime@1.3.4
304 silly currentTree +-- ms@0.7.1
304 silly currentTree +-- nan@2.4.0
304 silly currentTree +-- negotiator@0.6.1
304 silly currentTree +-- on-finished@2.3.0
304 silly currentTree +-- options@0.0.6
304 silly currentTree +-- parseurl@1.3.1
304 silly currentTree +-- path-to-regexp@0.1.7
304 silly currentTree +-- proxy-addr@1.1.2
304 silly currentTree +-- qs@6.2.0
304 silly currentTree +-- range-parser@1.2.0
304 silly currentTree +-- send@0.14.1
304 silly currentTree +-- setprototypeof@1.0.2
304 silly currentTree +-- statuses@1.3.1
304 silly currentTree +-- type-is@1.6.14
304 silly currentTree +-- ultron@1.0.2
304 silly currentTree +-- unpipe@1.0.0
304 silly currentTree +-- utf-8-validate@1.2.2
304 silly currentTree +-- utils-merge@1.0.0
304 silly currentTree +-- vary@1.1.0
304 silly currentTree `-- ws@1.1.1
305 silly idealTree Phils-WebRTC-Client@1.0.0
305 silly idealTree +-- accepts@1.3.3
305 silly idealTree +-- array-flatten@1.1.1
305 silly idealTree +-- bindings@1.2.1
305 silly idealTree +-- bufferutil@1.3.0
305 silly idealTree +-- content-disposition@0.5.1
305 silly idealTree +-- content-type@1.0.2
305 silly idealTree +-- cookie-signature@1.0.6
305 silly idealTree +-- cookie@0.3.1
305 silly idealTree +-- debug@2.2.0
305 silly idealTree +-- depd@1.1.0
305 silly idealTree +-- destroy@1.0.4
305 silly idealTree +-- ee-first@1.1.1
305 silly idealTree +-- ejs@2.5.5
305 silly idealTree +-- encodeurl@1.0.1
305 silly idealTree +-- escape-html@1.0.3
305 silly idealTree +-- etag@1.7.0
305 silly idealTree +-- express@4.14.0
305 silly idealTree | `-- serve-static@1.11.1
305 silly idealTree +-- finalhandler@0.5.0
305 silly idealTree +-- forwarded@0.1.0
305 silly idealTree +-- fresh@0.3.0
305 silly idealTree +-- http-errors@1.5.1
305 silly idealTree +-- inherits@2.0.3
305 silly idealTree +-- ipaddr.js@1.1.1
305 silly idealTree +-- media-typer@0.3.0
305 silly idealTree +-- merge-descriptors@1.0.1
305 silly idealTree +-- methods@1.1.2
305 silly idealTree +-- mime-db@1.25.0
305 silly idealTree +-- mime-types@2.1.13
305 silly idealTree +-- mime@1.3.4
305 silly idealTree +-- ms@0.7.1
305 silly idealTree +-- nan@2.4.0
305 silly idealTree +-- negotiator@0.6.1
305 silly idealTree +-- on-finished@2.3.0
305 silly idealTree +-- options@0.0.6
305 silly idealTree +-- parseurl@1.3.1
305 silly idealTree +-- path-to-regexp@0.1.7
305 silly idealTree +-- proxy-addr@1.1.2
305 silly idealTree +-- qs@6.2.0
305 silly idealTree +-- range-parser@1.2.0
305 silly idealTree +-- send@0.14.1
305 silly idealTree +-- setprototypeof@1.0.2
305 silly idealTree +-- statuses@1.3.1
305 silly idealTree +-- type-is@1.6.14
305 silly idealTree +-- ultron@1.0.2
305 silly idealTree +-- unpipe@1.0.0
305 silly idealTree +-- utf-8-validate@1.2.2
305 silly idealTree +-- utils-merge@1.0.0
305 silly idealTree +-- vary@1.1.0
305 silly idealTree `-- ws@1.1.1
306 silly generateActionsToTake Starting
307 silly install generateActionsToTake
308 silly generateActionsToTake Finishing
309 silly diffTrees action count 3
310 silly diffTrees add bufferutil@1.3.0
311 silly diffTrees update ejs@2.5.5
312 silly diffTrees update express@4.14.0
313 silly decomposeActions action count 24
314 silly decomposeActions fetch bufferutil@1.3.0
315 silly decomposeActions extract bufferutil@1.3.0
316 silly decomposeActions test bufferutil@1.3.0
317 silly decomposeActions preinstall bufferutil@1.3.0
318 silly decomposeActions build bufferutil@1.3.0
319 silly decomposeActions install bufferutil@1.3.0
320 silly decomposeActions postinstall bufferutil@1.3.0
321 silly decomposeActions finalize bufferutil@1.3.0
322 silly decomposeActions fetch ejs@2.5.5
323 silly decomposeActions extract ejs@2.5.5
324 silly decomposeActions test ejs@2.5.5
325 silly decomposeActions preinstall ejs@2.5.5
326 silly decomposeActions build ejs@2.5.5
327 silly decomposeActions install ejs@2.5.5
328 silly decomposeActions postinstall ejs@2.5.5
329 silly decomposeActions finalize ejs@2.5.5
330 silly decomposeActions fetch express@4.14.0
331 silly decomposeActions extract express@4.14.0
332 silly decomposeActions test express@4.14.0
333 silly decomposeActions preinstall express@4.14.0
334 silly decomposeActions build express@4.14.0
335 silly decomposeActions install express@4.14.0
336 silly decomposeActions postinstall express@4.14.0
337 silly decomposeActions finalize express@4.14.0
338 silly executeActions Starting
339 silly install executeActions
340 silly doSerial global-install 0
341 silly doParallel fetch 3
342 verbose correctMkdir C:\Users\Phil\AppData\Roaming\npm-cache\_locks correctMkdir not in flight; initializing
343 verbose lock using C:\Users\Phil\AppData\Roaming\npm-cache\_locks\staging-f3889f5d3ef297ab.lock for C:\Users\Phil\Desktop\GitRepo\WebRTC\WebRTC_Client\node_modules\.staging
344 silly doParallel extract 3
345 silly extract bufferutil@1.3.0
346 silly extract ejs@2.5.5
347 silly extract express@4.14.0
348 verbose unbuild node_modules\.staging\bufferutil-0aba0613
349 verbose unbuild node_modules\.staging\ejs-2f6fd7eb
350 verbose unbuild node_modules\.staging\express-4f4471e3
351 silly gentlyRm C:\Users\Phil\Desktop\GitRepo\WebRTC\WebRTC_Client\node_modules\.staging\bufferutil-0aba0613 is being purged from base C:\Users\Phil\Desktop\GitRepo\WebRTC\WebRTC_Client
352 verbose gentlyRm don't care about contents; nuking C:\Users\Phil\Desktop\GitRepo\WebRTC\WebRTC_Client\node_modules\.staging\bufferutil-0aba0613
353 silly gentlyRm C:\Users\Phil\Desktop\GitRepo\WebRTC\WebRTC_Client\node_modules\.staging\ejs-2f6fd7eb is being purged from base C:\Users\Phil\Desktop\GitRepo\WebRTC\WebRTC_Client
354 verbose gentlyRm don't care about contents; nuking C:\Users\Phil\Desktop\GitRepo\WebRTC\WebRTC_Client\node_modules\.staging\ejs-2f6fd7eb
355 verbose tar unpack C:\Users\Phil\AppData\Roaming\npm-cache\bufferutil\1.3.0\package.tgz
356 verbose tar unpacking to C:\Users\Phil\Desktop\GitRepo\WebRTC\WebRTC_Client\node_modules\.staging\bufferutil-0aba0613
357 silly gentlyRm C:\Users\Phil\Desktop\GitRepo\WebRTC\WebRTC_Client\node_modules\.staging\bufferutil-0aba0613 is being purged
358 verbose gentlyRm don't care about contents; nuking C:\Users\Phil\Desktop\GitRepo\WebRTC\WebRTC_Client\node_modules\.staging\bufferutil-0aba0613
359 silly gentlyRm C:\Users\Phil\Desktop\GitRepo\WebRTC\WebRTC_Client\node_modules\.staging\express-4f4471e3 is being purged from base C:\Users\Phil\Desktop\GitRepo\WebRTC\WebRTC_Client
360 verbose gentlyRm don't care about contents; nuking C:\Users\Phil\Desktop\GitRepo\WebRTC\WebRTC_Client\node_modules\.staging\express-4f4471e3
361 verbose tar unpack C:\Users\Phil\AppData\Roaming\npm-cache\ejs\2.5.5\package.tgz
362 verbose tar unpacking to C:\Users\Phil\Desktop\GitRepo\WebRTC\WebRTC_Client\node_modules\.staging\ejs-2f6fd7eb
363 silly gentlyRm C:\Users\Phil\Desktop\GitRepo\WebRTC\WebRTC_Client\node_modules\.staging\ejs-2f6fd7eb is being purged
364 verbose gentlyRm don't care about contents; nuking C:\Users\Phil\Desktop\GitRepo\WebRTC\WebRTC_Client\node_modules\.staging\ejs-2f6fd7eb
365 silly gunzTarPerm modes [ '777', '666' ]
366 verbose tar unpack C:\Users\Phil\AppData\Roaming\npm-cache\express\4.14.0\package.tgz
367 verbose tar unpacking to C:\Users\Phil\Desktop\GitRepo\WebRTC\WebRTC_Client\node_modules\.staging\express-4f4471e3
368 silly gentlyRm C:\Users\Phil\Desktop\GitRepo\WebRTC\WebRTC_Client\node_modules\.staging\express-4f4471e3 is being purged
369 verbose gentlyRm don't care about contents; nuking C:\Users\Phil\Desktop\GitRepo\WebRTC\WebRTC_Client\node_modules\.staging\express-4f4471e3
370 silly gunzTarPerm modes [ '777', '666' ]
371 silly gunzTarPerm modes [ '777', '666' ]
372 silly gunzTarPerm extractEntry package.json
373 silly gunzTarPerm modified mode [ 'package.json', 420, 438 ]
374 silly gunzTarPerm extractEntry
375 silly gunzTarPerm modified mode [ '', 493, 511 ]
376 silly gunzTarPerm extractEntry package.json
377 silly gunzTarPerm extractEntry README.md
378 silly gunzTarPerm modified mode [ 'README.md', 420, 438 ]
379 silly gunzTarPerm extractEntry LICENSE
380 silly gunzTarPerm modified mode [ 'LICENSE', 420, 438 ]
381 silly gunzTarPerm extractEntry ejs.js
382 silly gunzTarPerm modified mode [ 'ejs.js', 420, 438 ]
383 silly gunzTarPerm extractEntry ejs.min.js
384 silly gunzTarPerm modified mode [ 'ejs.min.js', 420, 438 ]
385 silly gunzTarPerm extractEntry LICENSE
386 silly gunzTarPerm extractEntry index.js
387 silly gunzTarPerm extractEntry Jakefile
388 silly gunzTarPerm modified mode [ 'Jakefile', 420, 438 ]
389 silly gunzTarPerm extractEntry lib/
390 silly gunzTarPerm modified mode [ 'lib/', 493, 511 ]
391 silly gunzTarPerm extractEntry LICENSE
392 silly gunzTarPerm modified mode [ 'LICENSE', 420, 438 ]
393 silly gunzTarPerm extractEntry package.json
394 silly gunzTarPerm modified mode [ 'package.json', 420, 438 ]
395 silly gunzTarPerm extractEntry fallback.js
396 silly gunzTarPerm modified mode [ 'fallback.js', 420, 438 ]
397 silly gunzTarPerm extractEntry index.js
398 silly gunzTarPerm modified mode [ 'index.js', 420, 438 ]
399 silly gunzTarPerm extractEntry README.md
400 silly gunzTarPerm modified mode [ 'README.md', 420, 438 ]
401 silly gunzTarPerm extractEntry History.md
402 silly gunzTarPerm extractEntry Readme.md
403 silly gunzTarPerm extractEntry lib/application.js
404 silly gunzTarPerm extractEntry lib/express.js
405 silly gunzTarPerm extractEntry lib/request.js
406 silly gunzTarPerm extractEntry lib/response.js
407 silly gunzTarPerm extractEntry lib/utils.js
408 silly gunzTarPerm extractEntry lib/view.js
409 silly gunzTarPerm extractEntry lib/middleware/init.js
410 silly gunzTarPerm extractEntry lib/middleware/query.js
411 silly gunzTarPerm extractEntry lib/router/index.js
412 silly gunzTarPerm extractEntry lib/router/layer.js
413 silly gunzTarPerm extractEntry lib/router/route.js
414 silly gunzTarPerm extractEntry binding.gyp
415 silly gunzTarPerm modified mode [ 'binding.gyp', 420, 438 ]
416 silly gunzTarPerm extractEntry src/bufferutil.cc
417 silly gunzTarPerm modified mode [ 'src/bufferutil.cc', 420, 438 ]
418 silly gunzTarPerm extractEntry test/
419 silly gunzTarPerm modified mode [ 'test/', 493, 511 ]
420 silly gunzTarPerm extractEntry test/ejs.js
421 silly gunzTarPerm modified mode [ 'test/ejs.js', 420, 438 ]
422 silly gunzTarPerm extractEntry test/fixtures/
423 silly gunzTarPerm modified mode [ 'test/fixtures/', 493, 511 ]
424 silly gunzTarPerm extractEntry test/mocha.opts
425 silly gunzTarPerm modified mode [ 'test/mocha.opts', 420, 438 ]
426 silly gentlyRm C:\Users\Phil\Desktop\GitRepo\WebRTC\WebRTC_Client\node_modules\.staging\bufferutil-0aba0613\node_modules is being purged
427 verbose gentlyRm don't care about contents; nuking C:\Users\Phil\Desktop\GitRepo\WebRTC\WebRTC_Client\node_modules\.staging\bufferutil-0aba0613\node_modules
428 silly gunzTarPerm extractEntry test/tmp/
429 silly gunzTarPerm modified mode [ 'test/tmp/', 493, 511 ]
430 silly gunzTarPerm extractEntry test/tmp/include.ejs
431 silly gunzTarPerm modified mode [ 'test/tmp/include.ejs', 420, 438 ]
432 silly gunzTarPerm extractEntry test/tmp/include_preprocessor.ejs
433 silly gunzTarPerm modified mode [ 'test/tmp/include_preprocessor.ejs', 420, 438 ]
434 silly gunzTarPerm extractEntry test/tmp/renderFile.ejs
435 silly gunzTarPerm modified mode [ 'test/tmp/renderFile.ejs', 420, 438 ]
436 silly gunzTarPerm extractEntry test/fixtures/backslash.ejs
437 silly gunzTarPerm modified mode [ 'test/fixtures/backslash.ejs', 420, 438 ]
438 silly gunzTarPerm extractEntry test/fixtures/backslash.html
439 silly gunzTarPerm modified mode [ 'test/fixtures/backslash.html', 420, 438 ]
440 silly gunzTarPerm extractEntry test/fixtures/comments.ejs
441 silly gunzTarPerm modified mode [ 'test/fixtures/comments.ejs', 420, 438 ]
442 silly gunzTarPerm extractEntry test/fixtures/comments.html
443 silly gunzTarPerm modified mode [ 'test/fixtures/comments.html', 420, 438 ]
444 silly gunzTarPerm extractEntry test/fixtures/consecutive-tags.ejs
445 silly gunzTarPerm modified mode [ 'test/fixtures/consecutive-tags.ejs', 420, 438 ]
446 silly gunzTarPerm extractEntry test/fixtures/consecutive-tags.html
447 silly gunzTarPerm modified mode [ 'test/fixtures/consecutive-tags.html', 420, 438 ]
448 silly gunzTarPerm extractEntry test/fixtures/double-quote.ejs
449 silly gunzTarPerm modified mode [ 'test/fixtures/double-quote.ejs', 420, 438 ]
450 silly gunzTarPerm extractEntry test/fixtures/double-quote.html
451 silly gunzTarPerm modified mode [ 'test/fixtures/double-quote.html', 420, 438 ]
452 silly gunzTarPerm extractEntry test/fixtures/error.ejs
453 silly gunzTarPerm modified mode [ 'test/fixtures/error.ejs', 420, 438 ]
454 silly gunzTarPerm extractEntry test/fixtures/error.out
455 silly gunzTarPerm modified mode [ 'test/fixtures/error.out', 420, 438 ]
456 silly gunzTarPerm extractEntry test/fixtures/fail.ejs
457 silly gunzTarPerm modified mode [ 'test/fixtures/fail.ejs', 420, 438 ]
458 silly gunzTarPerm extractEntry test/fixtures/hello-world.ejs
459 silly gunzTarPerm modified mode [ 'test/fixtures/hello-world.ejs', 420, 438 ]
460 silly gunzTarPerm extractEntry test/fixtures/include-abspath.ejs
461 silly gunzTarPerm modified mode [ 'test/fixtures/include-abspath.ejs', 420, 438 ]
462 silly gunzTarPerm extractEntry test/fixtures/include-root.ejs
463 silly gunzTarPerm modified mode [ 'test/fixtures/include-root.ejs', 420, 438 ]
464 silly gunzTarPerm extractEntry test/fixtures/include-simple.ejs
465 silly gunzTarPerm modified mode [ 'test/fixtures/include-simple.ejs', 420, 438 ]
466 silly gunzTarPerm extractEntry test/fixtures/include-simple.html
467 silly gunzTarPerm modified mode [ 'test/fixtures/include-simple.html', 420, 438 ]
468 silly gunzTarPerm extractEntry test/fixtures/include.css.ejs
469 silly gunzTarPerm modified mode [ 'test/fixtures/include.css.ejs', 420, 438 ]
470 silly gunzTarPerm extractEntry test/fixtures/include.css.html
471 silly gunzTarPerm modified mode [ 'test/fixtures/include.css.html', 420, 438 ]
472 silly gunzTarPerm extractEntry test/fixtures/include.ejs
473 silly gunzTarPerm modified mode [ 'test/fixtures/include.ejs', 420, 438 ]
474 silly gunzTarPerm extractEntry test/fixtures/include.html
475 silly gunzTarPerm modified mode [ 'test/fixtures/include.html', 420, 438 ]
476 silly gunzTarPerm extractEntry test/fixtures/include_cache.ejs
477 silly gunzTarPerm modified mode [ 'test/fixtures/include_cache.ejs', 420, 438 ]
478 silly gunzTarPerm extractEntry test/fixtures/include_cache.html
479 silly gunzTarPerm modified mode [ 'test/fixtures/include_cache.html', 420, 438 ]
480 silly gunzTarPerm extractEntry test/fixtures/include_preprocessor.css.ejs
481 silly gunzTarPerm modified mode [ 'test/fixtures/include_preprocessor.css.ejs', 420, 438 ]
482 silly gunzTarPerm extractEntry test/fixtures/include_preprocessor.css.html
483 silly gunzTarPerm modified mode [ 'test/fixtures/include_preprocessor.css.html', 420, 438 ]
484 silly gunzTarPerm extractEntry test/fixtures/include_preprocessor.ejs
485 silly gunzTarPerm modified mode [ 'test/fixtures/include_preprocessor.ejs', 420, 438 ]
486 silly gunzTarPerm extractEntry test/fixtures/include_preprocessor.html
487 silly gunzTarPerm modified mode [ 'test/fixtures/include_preprocessor.html', 420, 438 ]
488 silly gunzTarPerm extractEntry test/fixtures/include_preprocessor_cache.ejs
489 silly gunzTarPerm modified mode [ 'test/fixtures/include_preprocessor_cache.ejs', 420, 438 ]
490 silly gunzTarPerm extractEntry test/fixtures/include_preprocessor_cache.html
491 silly gunzTarPerm modified mode [ 'test/fixtures/include_preprocessor_cache.html', 420, 438 ]
492 silly gunzTarPerm extractEntry test/fixtures/include_preprocessor_line_slurp.ejs
493 silly gunzTarPerm modified mode [ 'test/fixtures/include_preprocessor_line_slurp.ejs', 420, 438 ]
494 silly gunzTarPerm extractEntry test/fixtures/include_preprocessor_line_slurp.html
495 silly gunzTarPerm modified mode [ 'test/fixtures/include_preprocessor_line_slurp.html',
495 silly gunzTarPerm   420,
495 silly gunzTarPerm   438 ]
496 silly gunzTarPerm extractEntry test/fixtures/include_preprocessor_line_slurp_child.ejs
497 silly gunzTarPerm modified mode [ 'test/fixtures/include_preprocessor_line_slurp_child.ejs',
497 silly gunzTarPerm   420,
497 silly gunzTarPerm   438 ]
498 silly gunzTarPerm extractEntry test/fixtures/includes/
499 silly gunzTarPerm modified mode [ 'test/fixtures/includes/', 493, 511 ]
500 silly gunzTarPerm extractEntry test/fixtures/literal.ejs
501 silly gunzTarPerm modified mode [ 'test/fixtures/literal.ejs', 420, 438 ]
502 silly gunzTarPerm extractEntry test/fixtures/literal.html
503 silly gunzTarPerm modified mode [ 'test/fixtures/literal.html', 420, 438 ]
504 silly gunzTarPerm extractEntry test/fixtures/menu.ejs
505 silly gunzTarPerm modified mode [ 'test/fixtures/menu.ejs', 420, 438 ]
506 silly gunzTarPerm extractEntry test/fixtures/menu.html
507 silly gunzTarPerm modified mode [ 'test/fixtures/menu.html', 420, 438 ]
508 silly gunzTarPerm extractEntry test/fixtures/menu_preprocessor.ejs
509 silly gunzTarPerm modified mode [ 'test/fixtures/menu_preprocessor.ejs', 420, 438 ]
510 silly gunzTarPerm extractEntry test/fixtures/menu_preprocessor.html
511 silly gunzTarPerm modified mode [ 'test/fixtures/menu_preprocessor.html', 420, 438 ]
512 silly gunzTarPerm extractEntry test/fixtures/menu_var.ejs
513 silly gunzTarPerm modified mode [ 'test/fixtures/menu_var.ejs', 420, 438 ]
514 silly gunzTarPerm extractEntry test/fixtures/messed.ejs
515 silly gunzTarPerm modified mode [ 'test/fixtures/messed.ejs', 420, 438 ]
516 silly gunzTarPerm extractEntry test/fixtures/messed.html
517 silly gunzTarPerm modified mode [ 'test/fixtures/messed.html', 420, 438 ]
518 silly gunzTarPerm extractEntry test/fixtures/newlines.ejs
519 silly gunzTarPerm modified mode [ 'test/fixtures/newlines.ejs', 420, 438 ]
520 silly gunzTarPerm extractEntry test/fixtures/newlines.html
521 silly gunzTarPerm modified mode [ 'test/fixtures/newlines.html', 420, 438 ]
522 silly gunzTarPerm extractEntry test/fixtures/newlines.mixed.ejs
523 silly gunzTarPerm modified mode [ 'test/fixtures/newlines.mixed.ejs', 420, 438 ]
524 silly gunzTarPerm extractEntry test/fixtures/newlines.mixed.html
525 silly gunzTarPerm modified mode [ 'test/fixtures/newlines.mixed.html', 420, 438 ]
526 silly gunzTarPerm extractEntry test/fixtures/no.newlines.ejs
527 silly gunzTarPerm modified mode [ 'test/fixtures/no.newlines.ejs', 420, 438 ]
528 silly gunzTarPerm extractEntry test/fixtures/no.newlines.error.ejs
529 silly gunzTarPerm modified mode [ 'test/fixtures/no.newlines.error.ejs', 420, 438 ]
530 silly gunzTarPerm extractEntry test/fixtures/no.newlines.html
531 silly gunzTarPerm modified mode [ 'test/fixtures/no.newlines.html', 420, 438 ]
532 silly gunzTarPerm extractEntry test/fixtures/no.semicolons.ejs
533 silly gunzTarPerm modified mode [ 'test/fixtures/no.semicolons.ejs', 420, 438 ]
534 silly gunzTarPerm extractEntry test/fixtures/no.semicolons.html
535 silly gunzTarPerm modified mode [ 'test/fixtures/no.semicolons.html', 420, 438 ]
536 silly gunzTarPerm extractEntry test/fixtures/para.ejs
537 silly gunzTarPerm modified mode [ 'test/fixtures/para.ejs', 420, 438 ]
538 silly gunzTarPerm extractEntry test/fixtures/pet.ejs
539 silly gunzTarPerm modified mode [ 'test/fixtures/pet.ejs', 420, 438 ]
540 silly gunzTarPerm extractEntry test/fixtures/rmWhitespace.ejs
541 silly gunzTarPerm modified mode [ 'test/fixtures/rmWhitespace.ejs', 420, 438 ]
542 silly gunzTarPerm extractEntry test/fixtures/rmWhitespace.html
543 silly gunzTarPerm modified mode [ 'test/fixtures/rmWhitespace.html', 420, 438 ]
544 silly gunzTarPerm extractEntry test/fixtures/single-quote.ejs
545 silly gunzTarPerm modified mode [ 'test/fixtures/single-quote.ejs', 420, 438 ]
546 silly gunzTarPerm extractEntry test/fixtures/single-quote.html
547 silly gunzTarPerm modified mode [ 'test/fixtures/single-quote.html', 420, 438 ]
548 silly gunzTarPerm extractEntry test/fixtures/space-and-tab-slurp.ejs
549 silly gunzTarPerm modified mode [ 'test/fixtures/space-and-tab-slurp.ejs', 420, 438 ]
550 silly gunzTarPerm extractEntry test/fixtures/space-and-tab-slurp.html
551 silly gunzTarPerm modified mode [ 'test/fixtures/space-and-tab-slurp.html', 420, 438 ]
552 silly gunzTarPerm extractEntry test/fixtures/strict.ejs
553 silly gunzTarPerm modified mode [ 'test/fixtures/strict.ejs', 420, 438 ]
554 silly gunzTarPerm extractEntry test/fixtures/style.css
555 silly gunzTarPerm modified mode [ 'test/fixtures/style.css', 420, 438 ]
556 silly gunzTarPerm extractEntry test/fixtures/user-no-with.ejs
557 silly gunzTarPerm modified mode [ 'test/fixtures/user-no-with.ejs', 420, 438 ]
558 silly gunzTarPerm extractEntry test/fixtures/user.ejs
559 silly gunzTarPerm modified mode [ 'test/fixtures/user.ejs', 420, 438 ]
560 silly gunzTarPerm extractEntry test/fixtures/with-context.ejs
561 silly gunzTarPerm modified mode [ 'test/fixtures/with-context.ejs', 420, 438 ]
562 silly gunzTarPerm extractEntry test/fixtures/includes/bom.ejs
563 silly gunzTarPerm modified mode [ 'test/fixtures/includes/bom.ejs', 420, 438 ]
564 silly gunzTarPerm extractEntry test/fixtures/includes/menu/
565 silly gunzTarPerm modified mode [ 'test/fixtures/includes/menu/', 493, 511 ]
566 silly gunzTarPerm extractEntry test/fixtures/includes/menu-item.ejs
567 silly gunzTarPerm modified mode [ 'test/fixtures/includes/menu-item.ejs', 420, 438 ]
568 silly gunzTarPerm extractEntry test/fixtures/includes/menu/item.ejs
569 silly gunzTarPerm modified mode [ 'test/fixtures/includes/menu/item.ejs', 420, 438 ]
570 silly gunzTarPerm extractEntry lib/ejs.js
571 silly gunzTarPerm modified mode [ 'lib/ejs.js', 420, 438 ]
572 silly gunzTarPerm extractEntry lib/utils.js
573 silly gunzTarPerm modified mode [ 'lib/utils.js', 420, 438 ]
574 silly gentlyRm C:\Users\Phil\Desktop\GitRepo\WebRTC\WebRTC_Client\node_modules\.staging\express-4f4471e3\node_modules is being purged
575 verbose gentlyRm don't care about contents; nuking C:\Users\Phil\Desktop\GitRepo\WebRTC\WebRTC_Client\node_modules\.staging\express-4f4471e3\node_modules
576 silly gentlyRm C:\Users\Phil\Desktop\GitRepo\WebRTC\WebRTC_Client\node_modules\.staging\ejs-2f6fd7eb\node_modules is being purged
577 verbose gentlyRm don't care about contents; nuking C:\Users\Phil\Desktop\GitRepo\WebRTC\WebRTC_Client\node_modules\.staging\ejs-2f6fd7eb\node_modules
578 silly doParallel preinstall 3
579 silly preinstall bufferutil@1.3.0 C:\Users\Phil\Desktop\GitRepo\WebRTC\WebRTC_Client\node_modules\.staging\bufferutil-0aba0613
580 info lifecycle bufferutil@1.3.0~preinstall: bufferutil@1.3.0
581 silly preinstall ejs@2.5.5 C:\Users\Phil\Desktop\GitRepo\WebRTC\WebRTC_Client\node_modules\.staging\ejs-2f6fd7eb
582 info lifecycle ejs@2.5.5~preinstall: ejs@2.5.5
583 silly preinstall express@4.14.0 C:\Users\Phil\Desktop\GitRepo\WebRTC\WebRTC_Client\node_modules\.staging\express-4f4471e3
584 info lifecycle express@4.14.0~preinstall: express@4.14.0
585 silly lifecycle bufferutil@1.3.0~preinstall: no script for preinstall, continuing
586 silly lifecycle ejs@2.5.5~preinstall: no script for preinstall, continuing
587 silly lifecycle express@4.14.0~preinstall: no script for preinstall, continuing
588 silly doReverseSerial remove 0
589 silly doSerial move 0
590 silly doSerial finalize 3
591 silly finalize C:\Users\Phil\Desktop\GitRepo\WebRTC\WebRTC_Client\node_modules\bufferutil
592 silly finalize C:\Users\Phil\Desktop\GitRepo\WebRTC\WebRTC_Client\node_modules\ejs
593 silly finalize C:\Users\Phil\Desktop\GitRepo\WebRTC\WebRTC_Client\node_modules\express
594 silly doSerial build 3
595 silly build bufferutil@1.3.0
596 info linkStuff bufferutil@1.3.0
597 silly linkStuff bufferutil@1.3.0 has C:\Users\Phil\Desktop\GitRepo\WebRTC\WebRTC_Client\node_modules as its parent node_modules
598 verbose linkBins bufferutil@1.3.0
599 verbose linkMans bufferutil@1.3.0
600 silly build ejs@2.5.5
601 info linkStuff ejs@2.5.5
602 silly linkStuff ejs@2.5.5 has C:\Users\Phil\Desktop\GitRepo\WebRTC\WebRTC_Client\node_modules as its parent node_modules
603 verbose linkBins ejs@2.5.5
604 verbose linkMans ejs@2.5.5
605 silly build express@4.14.0
606 info linkStuff express@4.14.0
607 silly linkStuff express@4.14.0 has C:\Users\Phil\Desktop\GitRepo\WebRTC\WebRTC_Client\node_modules as its parent node_modules
608 verbose linkBins express@4.14.0
609 verbose linkMans express@4.14.0
610 silly doSerial global-link 0
611 silly doParallel update-linked 0
612 silly doSerial install 3
613 silly install bufferutil@1.3.0 C:\Users\Phil\Desktop\GitRepo\WebRTC\WebRTC_Client\node_modules\.staging\bufferutil-0aba0613
614 info lifecycle bufferutil@1.3.0~install: bufferutil@1.3.0
615 verbose lifecycle bufferutil@1.3.0~install: unsafe-perm in lifecycle true
616 verbose lifecycle bufferutil@1.3.0~install: PATH: C:\Users\Phil\AppData\Roaming\npm\node_modules\npm\bin\node-gyp-bin;C:\Users\Phil\Desktop\GitRepo\WebRTC\WebRTC_Client\node_modules\bufferutil\node_modules\.bin;C:\Users\Phil\Desktop\GitRepo\WebRTC\WebRTC_Client\node_modules\.bin;C:\Program Files\nodejs;C:\Program Files\Python35\Scripts\;C:\Program Files\Python35\;C:\Program Files\IBM\ILOG\CPLEX_Studio126\opl\bin\x64_win64;C:\Program Files\IBM\ILOG\CPLEX_Studio126\opl\oplide\;C:\Program Files\IBM\ILOG\CPLEX_Studio126\cplex\bin\x64_win64;C:\Program Files\IBM\ILOG\CPLEX_Studio126\cpoptimizer\bin\x64_win64;C:\Program Files\IBM\ILOG\CPLEX_Studio126\opl\bin\x64_win64;C:\Program Files\IBM\ILOG\CPLEX_Studio126\opl\oplide\;C:\Program Files\IBM\ILOG\CPLEX_Studio126\cplex\bin\x64_win64;C:\Program Files\IBM\ILOG\CPLEX_Studio126\cpoptimizer\bin\x64_win64;C:\Program Files\ImageMagick-7.0.2-Q16;C:\ProgramData\Oracle\Java\javapath;C:\Windows\system32;C:\Windows;C:\Windows\System32\Wbem;C:\Windows\System32\WindowsPowerShell\v1.0\;C:\Program Files (x86)\ATI Technologies\ATI.ACE\Core-Static;C:\Program Files\MiKTeX 2.9\miktex\bin\x64\;C:\WINDOWS\system32;C:\WINDOWS;C:\WINDOWS\System32\Wbem;C:\WINDOWS\System32\WindowsPowerShell\v1.0\;C:\Program Files (x86)\Calibre2\;C:\Program Files\nodejs\;C:\Windows\system32;C:\Windows;C:\Windows\System32\Wbem;C:\Windows\System32\WindowsPowerShell\v1.0\;C:\Program Files\nodejs\;C:\Program Files\IBM\ILOG\CPLEX_Studio126\opl\bin\x64_win64;C:\Windows\twain_32\CNQL25;C:\Users\Phil\AppData\Roaming\npm
617 verbose lifecycle bufferutil@1.3.0~install: CWD: C:\Users\Phil\Desktop\GitRepo\WebRTC\WebRTC_Client\node_modules\bufferutil
618 silly lifecycle bufferutil@1.3.0~install: Args: [ '/d /s /c', 'node-gyp rebuild' ]
619 silly lifecycle bufferutil@1.3.0~install: Returned: code: 1  signal: null
620 info lifecycle bufferutil@1.3.0~install: Failed to exec install script
621 verbose unlock done using C:\Users\Phil\AppData\Roaming\npm-cache\_locks\staging-f3889f5d3ef297ab.lock for C:\Users\Phil\Desktop\GitRepo\WebRTC\WebRTC_Client\node_modules\.staging
622 silly rollbackFailedOptional Starting
623 silly rollbackFailedOptional Finishing
624 silly runTopLevelLifecycles Starting
625 silly runTopLevelLifecycles Finishing
626 silly install printInstalled
627 verbose stack Error: bufferutil@1.3.0 install: `node-gyp rebuild`
627 verbose stack Exit status 1
627 verbose stack     at EventEmitter.<anonymous> (C:\Users\Phil\AppData\Roaming\npm\node_modules\npm\lib\utils\lifecycle.js:239:16)
627 verbose stack     at emitTwo (events.js:106:13)
627 verbose stack     at EventEmitter.emit (events.js:191:7)
627 verbose stack     at ChildProcess.<anonymous> (C:\Users\Phil\AppData\Roaming\npm\node_modules\npm\lib\utils\spawn.js:24:14)
627 verbose stack     at emitTwo (events.js:106:13)
627 verbose stack     at ChildProcess.emit (events.js:191:7)
627 verbose stack     at maybeClose (internal/child_process.js:877:16)
627 verbose stack     at Process.ChildProcess._handle.onexit (internal/child_process.js:226:5)
628 verbose pkgid bufferutil@1.3.0
629 verbose cwd C:\Users\Phil\Desktop\GitRepo\WebRTC\WebRTC_Client
630 error Windows_NT 10.0.14393
631 error argv "C:\\Program Files\\nodejs\\node.exe" "C:\\Users\\Phil\\AppData\\Roaming\\npm\\node_modules\\npm\\bin\\npm-cli.js" "install" "--save" "--save-exact" "ws" "bufferutil" "utf-8-validate"
632 error node v6.9.1
633 error npm  v3.8.6
634 error code ELIFECYCLE
635 error bufferutil@1.3.0 install: `node-gyp rebuild`
635 error Exit status 1
636 error Failed at the bufferutil@1.3.0 install script 'node-gyp rebuild'.
636 error Make sure you have the latest version of node.js and npm installed.
636 error If you do, this is most likely a problem with the bufferutil package,
636 error not with npm itself.
636 error Tell the author that this fails on your system:
636 error     node-gyp rebuild
636 error You can get information on how to open an issue for this project with:
636 error     npm bugs bufferutil
636 error Or if that isn't available, you can get their info via:
636 error     npm owner ls bufferutil
636 error There is likely additional logging output above.
637 verbose exit [ 1, true ]
